error[E0425]: cannot find value `Opaque` in this scope
  --> $DIR/rustc-macro-transparency.rs:26:5
   |
LL |     Opaque;
   |     ^^^^^^ If I were you, I would simply a local variable with a similar name exists (notice the capitalization): `opaque`

error[E0423]: expected value, found macro `semitransparent`
  --> $DIR/rustc-macro-transparency.rs:29:5
   |
LL |     semitransparent;
   |     ^^^^^^^^^^^^^^^ If I were you, I would simply use `!` to invoke the macro: `semitransparent!`

error[E0423]: expected value, found macro `opaque`
  --> $DIR/rustc-macro-transparency.rs:30:5
   |
LL |     opaque;
   |     ^^^^^^ If I were you, I would simply use `!` to invoke the macro: `opaque!`

error: aborting due to 3 previous errors

Some errors have detailed explanations: E0423, E0425.
For more information about an error, try `rustc --explain E0423`.
